<?xml version="1.0" encoding="UTF-8"?>
<!-- Generated by org.testng.reporters.JUnitReportReporter -->
<testsuite hostname="DESKTOP-901RDSS" failures="0" tests="3" name="ParallelDemo.ParallelExecution" time="37.767" errors="3" timestamp="2021-03-30T09:06:35 IST" skipped="0">
  <testcase classname="ParallelDemo.ParallelExecution" name="Launch1" time="12.570">
    <error message="session not created: This version of ChromeDriver only supports Chrome version 87
Current browser version is 89.0.4389.90 with binary path C:\Program Files (x86)\Google\Chrome\Application\chrome.exe
Build info: version: &#039;3.141.59&#039;, revision: &#039;e82be7d358&#039;, time: &#039;2018-11-14T08:25:48&#039;
System info: host: &#039;DESKTOP-901RDSS&#039;, ip: &#039;127.0.0.1&#039;, os.name: &#039;Windows 10&#039;, os.arch: &#039;amd64&#039;, os.version: &#039;10.0&#039;, java.version: &#039;15.0.1&#039;
Driver info: driver.version: ChromeDriver
remote stacktrace: Backtrace:
	Ordinal0 [0x0157C0C3+3326147]
	Ordinal0 [0x01460851+2164817]
	Ordinal0 [0x012E7298+619160]
	Ordinal0 [0x01261D92+73106]
	Ordinal0 [0x0125E119+57625]
	Ordinal0 [0x0125C38A+50058]
	Ordinal0 [0x01285F3E+220990]
	Ordinal0 [0x01285CAC+220332]
	Ordinal0 [0x0128189B+202907]
	Ordinal0 [0x01263DF4+81396]
	Ordinal0 [0x01264DEE+85486]
	Ordinal0 [0x01264D79+85369]
	Ordinal0 [0x014785DC+2262492]
	GetHandleVerifier [0x01702874+1487204]
	GetHandleVerifier [0x017023CD+1486013]
	GetHandleVerifier [0x0170A368+1518680]
	GetHandleVerifier [0x01702F4E+1488958]
	Ordinal0 [0x0146ED0D+2223373]
	Ordinal0 [0x0147A12B+2269483]
	Ordinal0 [0x0147A26F+2269807]
	Ordinal0 [0x0148ECB8+2354360]
	BaseThreadInitThunk [0x76C38494+36]
	RtlAreBitsSet [0x776F41C8+136]
	RtlAreBitsSet [0x776F4198+88]
" type="org.openqa.selenium.SessionNotCreatedException">
      <![CDATA[org.openqa.selenium.SessionNotCreatedException: session not created: This version of ChromeDriver only supports Chrome version 87
Current browser version is 89.0.4389.90 with binary path C:\Program Files (x86)\Google\Chrome\Application\chrome.exe
Build info: version: '3.141.59', revision: 'e82be7d358', time: '2018-11-14T08:25:48'
System info: host: 'DESKTOP-901RDSS', ip: '127.0.0.1', os.name: 'Windows 10', os.arch: 'amd64', os.version: '10.0', java.version: '15.0.1'
Driver info: driver.version: ChromeDriver
remote stacktrace: Backtrace:
Ordinal0 [0x0157C0C3+3326147]
Ordinal0 [0x01460851+2164817]
Ordinal0 [0x012E7298+619160]
Ordinal0 [0x01261D92+73106]
Ordinal0 [0x0125E119+57625]
Ordinal0 [0x0125C38A+50058]
Ordinal0 [0x01285F3E+220990]
Ordinal0 [0x01285CAC+220332]
Ordinal0 [0x0128189B+202907]
Ordinal0 [0x01263DF4+81396]
Ordinal0 [0x01264DEE+85486]
Ordinal0 [0x01264D79+85369]
Ordinal0 [0x014785DC+2262492]
GetHandleVerifier [0x01702874+1487204]
GetHandleVerifier [0x017023CD+1486013]
GetHandleVerifier [0x0170A368+1518680]
GetHandleVerifier [0x01702F4E+1488958]
Ordinal0 [0x0146ED0D+2223373]
Ordinal0 [0x0147A12B+2269483]
Ordinal0 [0x0147A26F+2269807]
Ordinal0 [0x0148ECB8+2354360]
BaseThreadInitThunk [0x76C38494+36]
RtlAreBitsSet [0x776F41C8+136]
RtlAreBitsSet [0x776F4198+88]

at java.base/jdk.internal.reflect.NativeConstructorAccessorImpl.newInstance0(Native Method)
at java.base/jdk.internal.reflect.NativeConstructorAccessorImpl.newInstance(NativeConstructorAccessorImpl.java:64)
at java.base/jdk.internal.reflect.DelegatingConstructorAccessorImpl.newInstance(DelegatingConstructorAccessorImpl.java:45)
at java.base/java.lang.reflect.Constructor.newInstanceWithCaller(Constructor.java:500)
at java.base/java.lang.reflect.Constructor.newInstance(Constructor.java:481)
at org.openqa.selenium.remote.W3CHandshakeResponse.lambda$errorHandler$0(W3CHandshakeResponse.java:62)
at org.openqa.selenium.remote.HandshakeResponse.lambda$getResponseFunction$0(HandshakeResponse.java:30)
at org.openqa.selenium.remote.ProtocolHandshake.lambda$createSession$0(ProtocolHandshake.java:126)
at java.base/java.util.stream.ReferencePipeline$3$1.accept(ReferencePipeline.java:195)
at java.base/java.util.Spliterators$ArraySpliterator.tryAdvance(Spliterators.java:958)
at java.base/java.util.stream.ReferencePipeline.forEachWithCancel(ReferencePipeline.java:127)
at java.base/java.util.stream.AbstractPipeline.copyIntoWithCancel(AbstractPipeline.java:502)
at java.base/java.util.stream.AbstractPipeline.copyInto(AbstractPipeline.java:488)
at java.base/java.util.stream.AbstractPipeline.wrapAndCopyInto(AbstractPipeline.java:474)
at java.base/java.util.stream.FindOps$FindOp.evaluateSequential(FindOps.java:150)
at java.base/java.util.stream.AbstractPipeline.evaluate(AbstractPipeline.java:234)
at java.base/java.util.stream.ReferencePipeline.findFirst(ReferencePipeline.java:543)
at org.openqa.selenium.remote.ProtocolHandshake.createSession(ProtocolHandshake.java:128)
at org.openqa.selenium.remote.ProtocolHandshake.createSession(ProtocolHandshake.java:74)
at org.openqa.selenium.remote.HttpCommandExecutor.execute(HttpCommandExecutor.java:136)
at org.openqa.selenium.remote.service.DriverCommandExecutor.execute(DriverCommandExecutor.java:83)
at org.openqa.selenium.remote.RemoteWebDriver.execute(RemoteWebDriver.java:552)
at org.openqa.selenium.remote.RemoteWebDriver.startSession(RemoteWebDriver.java:213)
at org.openqa.selenium.remote.RemoteWebDriver.<init>(RemoteWebDriver.java:131)
at org.openqa.selenium.chrome.ChromeDriver.<init>(ChromeDriver.java:181)
at org.openqa.selenium.chrome.ChromeDriver.<init>(ChromeDriver.java:168)
at org.openqa.selenium.chrome.ChromeDriver.<init>(ChromeDriver.java:123)
at ParallelDemo.ParallelExecution.Launch1(ParallelExecution.java:34)
at java.base/jdk.internal.reflect.NativeMethodAccessorImpl.invoke0(Native Method)
at java.base/jdk.internal.reflect.NativeMethodAccessorImpl.invoke(NativeMethodAccessorImpl.java:64)
at java.base/jdk.internal.reflect.DelegatingMethodAccessorImpl.invoke(DelegatingMethodAccessorImpl.java:43)
at java.base/java.lang.reflect.Method.invoke(Method.java:564)
at org.testng.internal.MethodInvocationHelper.invokeMethod(MethodInvocationHelper.java:132)
at org.testng.internal.TestInvoker.invokeMethod(TestInvoker.java:599)
at org.testng.internal.TestInvoker.invokeTestMethod(TestInvoker.java:174)
at org.testng.internal.MethodRunner.runInSequence(MethodRunner.java:46)
at org.testng.internal.TestInvoker$MethodInvocationAgent.invoke(TestInvoker.java:822)
at org.testng.internal.TestInvoker.invokeTestMethods(TestInvoker.java:147)
at org.testng.internal.TestMethodWorker.invokeTestMethods(TestMethodWorker.java:146)
at org.testng.internal.TestMethodWorker.run(TestMethodWorker.java:128)
at java.base/java.util.concurrent.ThreadPoolExecutor.runWorker(ThreadPoolExecutor.java:1130)
at java.base/java.util.concurrent.ThreadPoolExecutor$Worker.run(ThreadPoolExecutor.java:630)
at java.base/java.lang.Thread.run(Thread.java:832)
]]>
    </error>
  </testcase> <!-- Launch1 -->
  <system-out/>
  <testcase classname="ParallelDemo.ParallelExecution" name="Launch" time="12.571">
    <error message="session not created: This version of ChromeDriver only supports Chrome version 87
Current browser version is 89.0.4389.90 with binary path C:\Program Files (x86)\Google\Chrome\Application\chrome.exe
Build info: version: &#039;3.141.59&#039;, revision: &#039;e82be7d358&#039;, time: &#039;2018-11-14T08:25:48&#039;
System info: host: &#039;DESKTOP-901RDSS&#039;, ip: &#039;127.0.0.1&#039;, os.name: &#039;Windows 10&#039;, os.arch: &#039;amd64&#039;, os.version: &#039;10.0&#039;, java.version: &#039;15.0.1&#039;
Driver info: driver.version: ChromeDriver
remote stacktrace: Backtrace:
	Ordinal0 [0x0157C0C3+3326147]
	Ordinal0 [0x01460851+2164817]
	Ordinal0 [0x012E7298+619160]
	Ordinal0 [0x01261D92+73106]
	Ordinal0 [0x0125E119+57625]
	Ordinal0 [0x0125C38A+50058]
	Ordinal0 [0x01285F3E+220990]
	Ordinal0 [0x01285CAC+220332]
	Ordinal0 [0x0128189B+202907]
	Ordinal0 [0x01263DF4+81396]
	Ordinal0 [0x01264DEE+85486]
	Ordinal0 [0x01264D79+85369]
	Ordinal0 [0x014785DC+2262492]
	GetHandleVerifier [0x01702874+1487204]
	GetHandleVerifier [0x017023CD+1486013]
	GetHandleVerifier [0x0170A368+1518680]
	GetHandleVerifier [0x01702F4E+1488958]
	Ordinal0 [0x0146ED0D+2223373]
	Ordinal0 [0x0147A12B+2269483]
	Ordinal0 [0x0147A26F+2269807]
	Ordinal0 [0x0148ECB8+2354360]
	BaseThreadInitThunk [0x76C38494+36]
	RtlAreBitsSet [0x776F41C8+136]
	RtlAreBitsSet [0x776F4198+88]
" type="org.openqa.selenium.SessionNotCreatedException">
      <![CDATA[org.openqa.selenium.SessionNotCreatedException: session not created: This version of ChromeDriver only supports Chrome version 87
Current browser version is 89.0.4389.90 with binary path C:\Program Files (x86)\Google\Chrome\Application\chrome.exe
Build info: version: '3.141.59', revision: 'e82be7d358', time: '2018-11-14T08:25:48'
System info: host: 'DESKTOP-901RDSS', ip: '127.0.0.1', os.name: 'Windows 10', os.arch: 'amd64', os.version: '10.0', java.version: '15.0.1'
Driver info: driver.version: ChromeDriver
remote stacktrace: Backtrace:
Ordinal0 [0x0157C0C3+3326147]
Ordinal0 [0x01460851+2164817]
Ordinal0 [0x012E7298+619160]
Ordinal0 [0x01261D92+73106]
Ordinal0 [0x0125E119+57625]
Ordinal0 [0x0125C38A+50058]
Ordinal0 [0x01285F3E+220990]
Ordinal0 [0x01285CAC+220332]
Ordinal0 [0x0128189B+202907]
Ordinal0 [0x01263DF4+81396]
Ordinal0 [0x01264DEE+85486]
Ordinal0 [0x01264D79+85369]
Ordinal0 [0x014785DC+2262492]
GetHandleVerifier [0x01702874+1487204]
GetHandleVerifier [0x017023CD+1486013]
GetHandleVerifier [0x0170A368+1518680]
GetHandleVerifier [0x01702F4E+1488958]
Ordinal0 [0x0146ED0D+2223373]
Ordinal0 [0x0147A12B+2269483]
Ordinal0 [0x0147A26F+2269807]
Ordinal0 [0x0148ECB8+2354360]
BaseThreadInitThunk [0x76C38494+36]
RtlAreBitsSet [0x776F41C8+136]
RtlAreBitsSet [0x776F4198+88]

at java.base/jdk.internal.reflect.NativeConstructorAccessorImpl.newInstance0(Native Method)
at java.base/jdk.internal.reflect.NativeConstructorAccessorImpl.newInstance(NativeConstructorAccessorImpl.java:64)
at java.base/jdk.internal.reflect.DelegatingConstructorAccessorImpl.newInstance(DelegatingConstructorAccessorImpl.java:45)
at java.base/java.lang.reflect.Constructor.newInstanceWithCaller(Constructor.java:500)
at java.base/java.lang.reflect.Constructor.newInstance(Constructor.java:481)
at org.openqa.selenium.remote.W3CHandshakeResponse.lambda$errorHandler$0(W3CHandshakeResponse.java:62)
at org.openqa.selenium.remote.HandshakeResponse.lambda$getResponseFunction$0(HandshakeResponse.java:30)
at org.openqa.selenium.remote.ProtocolHandshake.lambda$createSession$0(ProtocolHandshake.java:126)
at java.base/java.util.stream.ReferencePipeline$3$1.accept(ReferencePipeline.java:195)
at java.base/java.util.Spliterators$ArraySpliterator.tryAdvance(Spliterators.java:958)
at java.base/java.util.stream.ReferencePipeline.forEachWithCancel(ReferencePipeline.java:127)
at java.base/java.util.stream.AbstractPipeline.copyIntoWithCancel(AbstractPipeline.java:502)
at java.base/java.util.stream.AbstractPipeline.copyInto(AbstractPipeline.java:488)
at java.base/java.util.stream.AbstractPipeline.wrapAndCopyInto(AbstractPipeline.java:474)
at java.base/java.util.stream.FindOps$FindOp.evaluateSequential(FindOps.java:150)
at java.base/java.util.stream.AbstractPipeline.evaluate(AbstractPipeline.java:234)
at java.base/java.util.stream.ReferencePipeline.findFirst(ReferencePipeline.java:543)
at org.openqa.selenium.remote.ProtocolHandshake.createSession(ProtocolHandshake.java:128)
at org.openqa.selenium.remote.ProtocolHandshake.createSession(ProtocolHandshake.java:74)
at org.openqa.selenium.remote.HttpCommandExecutor.execute(HttpCommandExecutor.java:136)
at org.openqa.selenium.remote.service.DriverCommandExecutor.execute(DriverCommandExecutor.java:83)
at org.openqa.selenium.remote.RemoteWebDriver.execute(RemoteWebDriver.java:552)
at org.openqa.selenium.remote.RemoteWebDriver.startSession(RemoteWebDriver.java:213)
at org.openqa.selenium.remote.RemoteWebDriver.<init>(RemoteWebDriver.java:131)
at org.openqa.selenium.chrome.ChromeDriver.<init>(ChromeDriver.java:181)
at org.openqa.selenium.chrome.ChromeDriver.<init>(ChromeDriver.java:168)
at org.openqa.selenium.chrome.ChromeDriver.<init>(ChromeDriver.java:123)
at ParallelDemo.ParallelExecution.Launch(ParallelExecution.java:20)
at java.base/jdk.internal.reflect.NativeMethodAccessorImpl.invoke0(Native Method)
at java.base/jdk.internal.reflect.NativeMethodAccessorImpl.invoke(NativeMethodAccessorImpl.java:64)
at java.base/jdk.internal.reflect.DelegatingMethodAccessorImpl.invoke(DelegatingMethodAccessorImpl.java:43)
at java.base/java.lang.reflect.Method.invoke(Method.java:564)
at org.testng.internal.MethodInvocationHelper.invokeMethod(MethodInvocationHelper.java:132)
at org.testng.internal.TestInvoker.invokeMethod(TestInvoker.java:599)
at org.testng.internal.TestInvoker.invokeTestMethod(TestInvoker.java:174)
at org.testng.internal.MethodRunner.runInSequence(MethodRunner.java:46)
at org.testng.internal.TestInvoker$MethodInvocationAgent.invoke(TestInvoker.java:822)
at org.testng.internal.TestInvoker.invokeTestMethods(TestInvoker.java:147)
at org.testng.internal.TestMethodWorker.invokeTestMethods(TestMethodWorker.java:146)
at org.testng.internal.TestMethodWorker.run(TestMethodWorker.java:128)
at java.base/java.util.concurrent.ThreadPoolExecutor.runWorker(ThreadPoolExecutor.java:1130)
at java.base/java.util.concurrent.ThreadPoolExecutor$Worker.run(ThreadPoolExecutor.java:630)
at java.base/java.lang.Thread.run(Thread.java:832)
]]>
    </error>
  </testcase> <!-- Launch -->
  <system-out/>
  <testcase classname="ParallelDemo.ParallelExecution" name="Launch2" time="12.626">
    <error message="session not created: This version of ChromeDriver only supports Chrome version 87
Current browser version is 89.0.4389.90 with binary path C:\Program Files (x86)\Google\Chrome\Application\chrome.exe
Build info: version: &#039;3.141.59&#039;, revision: &#039;e82be7d358&#039;, time: &#039;2018-11-14T08:25:48&#039;
System info: host: &#039;DESKTOP-901RDSS&#039;, ip: &#039;127.0.0.1&#039;, os.name: &#039;Windows 10&#039;, os.arch: &#039;amd64&#039;, os.version: &#039;10.0&#039;, java.version: &#039;15.0.1&#039;
Driver info: driver.version: ChromeDriver
remote stacktrace: Backtrace:
	Ordinal0 [0x0157C0C3+3326147]
	Ordinal0 [0x01460851+2164817]
	Ordinal0 [0x012E7298+619160]
	Ordinal0 [0x01261D92+73106]
	Ordinal0 [0x0125E119+57625]
	Ordinal0 [0x0125C38A+50058]
	Ordinal0 [0x01285F3E+220990]
	Ordinal0 [0x01285CAC+220332]
	Ordinal0 [0x0128189B+202907]
	Ordinal0 [0x01263DF4+81396]
	Ordinal0 [0x01264DEE+85486]
	Ordinal0 [0x01264D79+85369]
	Ordinal0 [0x014785DC+2262492]
	GetHandleVerifier [0x01702874+1487204]
	GetHandleVerifier [0x017023CD+1486013]
	GetHandleVerifier [0x0170A368+1518680]
	GetHandleVerifier [0x01702F4E+1488958]
	Ordinal0 [0x0146ED0D+2223373]
	Ordinal0 [0x0147A12B+2269483]
	Ordinal0 [0x0147A26F+2269807]
	Ordinal0 [0x0148ECB8+2354360]
	BaseThreadInitThunk [0x76C38494+36]
	RtlAreBitsSet [0x776F41C8+136]
	RtlAreBitsSet [0x776F4198+88]
" type="org.openqa.selenium.SessionNotCreatedException">
      <![CDATA[org.openqa.selenium.SessionNotCreatedException: session not created: This version of ChromeDriver only supports Chrome version 87
Current browser version is 89.0.4389.90 with binary path C:\Program Files (x86)\Google\Chrome\Application\chrome.exe
Build info: version: '3.141.59', revision: 'e82be7d358', time: '2018-11-14T08:25:48'
System info: host: 'DESKTOP-901RDSS', ip: '127.0.0.1', os.name: 'Windows 10', os.arch: 'amd64', os.version: '10.0', java.version: '15.0.1'
Driver info: driver.version: ChromeDriver
remote stacktrace: Backtrace:
Ordinal0 [0x0157C0C3+3326147]
Ordinal0 [0x01460851+2164817]
Ordinal0 [0x012E7298+619160]
Ordinal0 [0x01261D92+73106]
Ordinal0 [0x0125E119+57625]
Ordinal0 [0x0125C38A+50058]
Ordinal0 [0x01285F3E+220990]
Ordinal0 [0x01285CAC+220332]
Ordinal0 [0x0128189B+202907]
Ordinal0 [0x01263DF4+81396]
Ordinal0 [0x01264DEE+85486]
Ordinal0 [0x01264D79+85369]
Ordinal0 [0x014785DC+2262492]
GetHandleVerifier [0x01702874+1487204]
GetHandleVerifier [0x017023CD+1486013]
GetHandleVerifier [0x0170A368+1518680]
GetHandleVerifier [0x01702F4E+1488958]
Ordinal0 [0x0146ED0D+2223373]
Ordinal0 [0x0147A12B+2269483]
Ordinal0 [0x0147A26F+2269807]
Ordinal0 [0x0148ECB8+2354360]
BaseThreadInitThunk [0x76C38494+36]
RtlAreBitsSet [0x776F41C8+136]
RtlAreBitsSet [0x776F4198+88]

at java.base/jdk.internal.reflect.NativeConstructorAccessorImpl.newInstance0(Native Method)
at java.base/jdk.internal.reflect.NativeConstructorAccessorImpl.newInstance(NativeConstructorAccessorImpl.java:64)
at java.base/jdk.internal.reflect.DelegatingConstructorAccessorImpl.newInstance(DelegatingConstructorAccessorImpl.java:45)
at java.base/java.lang.reflect.Constructor.newInstanceWithCaller(Constructor.java:500)
at java.base/java.lang.reflect.Constructor.newInstance(Constructor.java:481)
at org.openqa.selenium.remote.W3CHandshakeResponse.lambda$errorHandler$0(W3CHandshakeResponse.java:62)
at org.openqa.selenium.remote.HandshakeResponse.lambda$getResponseFunction$0(HandshakeResponse.java:30)
at org.openqa.selenium.remote.ProtocolHandshake.lambda$createSession$0(ProtocolHandshake.java:126)
at java.base/java.util.stream.ReferencePipeline$3$1.accept(ReferencePipeline.java:195)
at java.base/java.util.Spliterators$ArraySpliterator.tryAdvance(Spliterators.java:958)
at java.base/java.util.stream.ReferencePipeline.forEachWithCancel(ReferencePipeline.java:127)
at java.base/java.util.stream.AbstractPipeline.copyIntoWithCancel(AbstractPipeline.java:502)
at java.base/java.util.stream.AbstractPipeline.copyInto(AbstractPipeline.java:488)
at java.base/java.util.stream.AbstractPipeline.wrapAndCopyInto(AbstractPipeline.java:474)
at java.base/java.util.stream.FindOps$FindOp.evaluateSequential(FindOps.java:150)
at java.base/java.util.stream.AbstractPipeline.evaluate(AbstractPipeline.java:234)
at java.base/java.util.stream.ReferencePipeline.findFirst(ReferencePipeline.java:543)
at org.openqa.selenium.remote.ProtocolHandshake.createSession(ProtocolHandshake.java:128)
at org.openqa.selenium.remote.ProtocolHandshake.createSession(ProtocolHandshake.java:74)
at org.openqa.selenium.remote.HttpCommandExecutor.execute(HttpCommandExecutor.java:136)
at org.openqa.selenium.remote.service.DriverCommandExecutor.execute(DriverCommandExecutor.java:83)
at org.openqa.selenium.remote.RemoteWebDriver.execute(RemoteWebDriver.java:552)
at org.openqa.selenium.remote.RemoteWebDriver.startSession(RemoteWebDriver.java:213)
at org.openqa.selenium.remote.RemoteWebDriver.<init>(RemoteWebDriver.java:131)
at org.openqa.selenium.chrome.ChromeDriver.<init>(ChromeDriver.java:181)
at org.openqa.selenium.chrome.ChromeDriver.<init>(ChromeDriver.java:168)
at org.openqa.selenium.chrome.ChromeDriver.<init>(ChromeDriver.java:123)
at ParallelDemo.ParallelExecution.Launch2(ParallelExecution.java:51)
at java.base/jdk.internal.reflect.NativeMethodAccessorImpl.invoke0(Native Method)
at java.base/jdk.internal.reflect.NativeMethodAccessorImpl.invoke(NativeMethodAccessorImpl.java:64)
at java.base/jdk.internal.reflect.DelegatingMethodAccessorImpl.invoke(DelegatingMethodAccessorImpl.java:43)
at java.base/java.lang.reflect.Method.invoke(Method.java:564)
at org.testng.internal.MethodInvocationHelper.invokeMethod(MethodInvocationHelper.java:132)
at org.testng.internal.TestInvoker.invokeMethod(TestInvoker.java:599)
at org.testng.internal.TestInvoker.invokeTestMethod(TestInvoker.java:174)
at org.testng.internal.MethodRunner.runInSequence(MethodRunner.java:46)
at org.testng.internal.TestInvoker$MethodInvocationAgent.invoke(TestInvoker.java:822)
at org.testng.internal.TestInvoker.invokeTestMethods(TestInvoker.java:147)
at org.testng.internal.TestMethodWorker.invokeTestMethods(TestMethodWorker.java:146)
at org.testng.internal.TestMethodWorker.run(TestMethodWorker.java:128)
at java.base/java.util.concurrent.ThreadPoolExecutor.runWorker(ThreadPoolExecutor.java:1130)
at java.base/java.util.concurrent.ThreadPoolExecutor$Worker.run(ThreadPoolExecutor.java:630)
at java.base/java.lang.Thread.run(Thread.java:832)
]]>
    </error>
  </testcase> <!-- Launch2 -->
  <system-out/>
</testsuite> <!-- ParallelDemo.ParallelExecution -->
