<?xml version="1.0" encoding="UTF-8"?>
<!-- Generated by org.testng.reporters.JUnitReportReporter -->
<testsuite hostname="DESKTOP-901RDSS" failures="0" tests="1" name="FinalReport.EnterURL" time="11.964" errors="1" timestamp="2021-03-24T20:02:28 IST" skipped="0">
  <testcase classname="FinalReport.EnterURL" name="enterurl" time="11.964">
    <error message="session not created: This version of ChromeDriver only supports Chrome version 87
Current browser version is 89.0.4389.90 with binary path C:\Program Files (x86)\Google\Chrome\Application\chrome.exe
Build info: version: &#039;3.141.59&#039;, revision: &#039;e82be7d358&#039;, time: &#039;2018-11-14T08:25:48&#039;
System info: host: &#039;DESKTOP-901RDSS&#039;, ip: &#039;192.168.43.36&#039;, os.name: &#039;Windows 10&#039;, os.arch: &#039;amd64&#039;, os.version: &#039;10.0&#039;, java.version: &#039;15.0.1&#039;
Driver info: driver.version: ChromeDriver
remote stacktrace: Backtrace:
	Ordinal0 [0x0127C0C3+3326147]
	Ordinal0 [0x01160851+2164817]
	Ordinal0 [0x00FE7298+619160]
	Ordinal0 [0x00F61D92+73106]
	Ordinal0 [0x00F5E119+57625]
	Ordinal0 [0x00F5C38A+50058]
	Ordinal0 [0x00F85F3E+220990]
	Ordinal0 [0x00F85CAC+220332]
	Ordinal0 [0x00F8189B+202907]
	Ordinal0 [0x00F63DF4+81396]
	Ordinal0 [0x00F64DEE+85486]
	Ordinal0 [0x00F64D79+85369]
	Ordinal0 [0x011785DC+2262492]
	GetHandleVerifier [0x01402874+1487204]
	GetHandleVerifier [0x014023CD+1486013]
	GetHandleVerifier [0x0140A368+1518680]
	GetHandleVerifier [0x01402F4E+1488958]
	Ordinal0 [0x0116ED0D+2223373]
	Ordinal0 [0x0117A12B+2269483]
	Ordinal0 [0x0117A26F+2269807]
	Ordinal0 [0x0118ECB8+2354360]
	BaseThreadInitThunk [0x74B78494+36]
	RtlAreBitsSet [0x77CD41C8+136]
	RtlAreBitsSet [0x77CD4198+88]
" type="org.openqa.selenium.SessionNotCreatedException">
      <![CDATA[org.openqa.selenium.SessionNotCreatedException: session not created: This version of ChromeDriver only supports Chrome version 87
Current browser version is 89.0.4389.90 with binary path C:\Program Files (x86)\Google\Chrome\Application\chrome.exe
Build info: version: '3.141.59', revision: 'e82be7d358', time: '2018-11-14T08:25:48'
System info: host: 'DESKTOP-901RDSS', ip: '192.168.43.36', os.name: 'Windows 10', os.arch: 'amd64', os.version: '10.0', java.version: '15.0.1'
Driver info: driver.version: ChromeDriver
remote stacktrace: Backtrace:
Ordinal0 [0x0127C0C3+3326147]
Ordinal0 [0x01160851+2164817]
Ordinal0 [0x00FE7298+619160]
Ordinal0 [0x00F61D92+73106]
Ordinal0 [0x00F5E119+57625]
Ordinal0 [0x00F5C38A+50058]
Ordinal0 [0x00F85F3E+220990]
Ordinal0 [0x00F85CAC+220332]
Ordinal0 [0x00F8189B+202907]
Ordinal0 [0x00F63DF4+81396]
Ordinal0 [0x00F64DEE+85486]
Ordinal0 [0x00F64D79+85369]
Ordinal0 [0x011785DC+2262492]
GetHandleVerifier [0x01402874+1487204]
GetHandleVerifier [0x014023CD+1486013]
GetHandleVerifier [0x0140A368+1518680]
GetHandleVerifier [0x01402F4E+1488958]
Ordinal0 [0x0116ED0D+2223373]
Ordinal0 [0x0117A12B+2269483]
Ordinal0 [0x0117A26F+2269807]
Ordinal0 [0x0118ECB8+2354360]
BaseThreadInitThunk [0x74B78494+36]
RtlAreBitsSet [0x77CD41C8+136]
RtlAreBitsSet [0x77CD4198+88]

at java.base/jdk.internal.reflect.NativeConstructorAccessorImpl.newInstance0(Native Method)
at java.base/jdk.internal.reflect.NativeConstructorAccessorImpl.newInstance(NativeConstructorAccessorImpl.java:64)
at java.base/jdk.internal.reflect.DelegatingConstructorAccessorImpl.newInstance(DelegatingConstructorAccessorImpl.java:45)
at java.base/java.lang.reflect.Constructor.newInstanceWithCaller(Constructor.java:500)
at java.base/java.lang.reflect.Constructor.newInstance(Constructor.java:481)
at org.openqa.selenium.remote.W3CHandshakeResponse.lambda$errorHandler$0(W3CHandshakeResponse.java:62)
at org.openqa.selenium.remote.HandshakeResponse.lambda$getResponseFunction$0(HandshakeResponse.java:30)
at org.openqa.selenium.remote.ProtocolHandshake.lambda$createSession$0(ProtocolHandshake.java:126)
at java.base/java.util.stream.ReferencePipeline$3$1.accept(ReferencePipeline.java:195)
at java.base/java.util.Spliterators$ArraySpliterator.tryAdvance(Spliterators.java:958)
at java.base/java.util.stream.ReferencePipeline.forEachWithCancel(ReferencePipeline.java:127)
at java.base/java.util.stream.AbstractPipeline.copyIntoWithCancel(AbstractPipeline.java:502)
at java.base/java.util.stream.AbstractPipeline.copyInto(AbstractPipeline.java:488)
at java.base/java.util.stream.AbstractPipeline.wrapAndCopyInto(AbstractPipeline.java:474)
at java.base/java.util.stream.FindOps$FindOp.evaluateSequential(FindOps.java:150)
at java.base/java.util.stream.AbstractPipeline.evaluate(AbstractPipeline.java:234)
at java.base/java.util.stream.ReferencePipeline.findFirst(ReferencePipeline.java:543)
at org.openqa.selenium.remote.ProtocolHandshake.createSession(ProtocolHandshake.java:128)
at org.openqa.selenium.remote.ProtocolHandshake.createSession(ProtocolHandshake.java:74)
at org.openqa.selenium.remote.HttpCommandExecutor.execute(HttpCommandExecutor.java:136)
at org.openqa.selenium.remote.service.DriverCommandExecutor.execute(DriverCommandExecutor.java:83)
at org.openqa.selenium.remote.RemoteWebDriver.execute(RemoteWebDriver.java:552)
at org.openqa.selenium.remote.RemoteWebDriver.startSession(RemoteWebDriver.java:213)
at org.openqa.selenium.remote.RemoteWebDriver.<init>(RemoteWebDriver.java:131)
at org.openqa.selenium.chrome.ChromeDriver.<init>(ChromeDriver.java:181)
at org.openqa.selenium.chrome.ChromeDriver.<init>(ChromeDriver.java:168)
at org.openqa.selenium.chrome.ChromeDriver.<init>(ChromeDriver.java:123)
at FinalReport.EnterURL.enterurl(EnterURL.java:26)
at java.base/jdk.internal.reflect.NativeMethodAccessorImpl.invoke0(Native Method)
at java.base/jdk.internal.reflect.NativeMethodAccessorImpl.invoke(NativeMethodAccessorImpl.java:64)
at java.base/jdk.internal.reflect.DelegatingMethodAccessorImpl.invoke(DelegatingMethodAccessorImpl.java:43)
at java.base/java.lang.reflect.Method.invoke(Method.java:564)
at org.testng.internal.MethodInvocationHelper.invokeMethod(MethodInvocationHelper.java:132)
at org.testng.internal.MethodInvocationHelper.invokeMethodConsideringTimeout(MethodInvocationHelper.java:61)
at org.testng.internal.ConfigInvoker.invokeConfigurationMethod(ConfigInvoker.java:366)
at org.testng.internal.ConfigInvoker.invokeConfigurations(ConfigInvoker.java:320)
at org.testng.SuiteRunner.privateRun(SuiteRunner.java:327)
at org.testng.SuiteRunner.run(SuiteRunner.java:286)
at org.testng.SuiteRunnerWorker.runSuite(SuiteRunnerWorker.java:53)
at org.testng.SuiteRunnerWorker.run(SuiteRunnerWorker.java:96)
at org.testng.TestNG.runSuitesSequentially(TestNG.java:1218)
at org.testng.TestNG.runSuitesLocally(TestNG.java:1140)
at org.testng.TestNG.runSuites(TestNG.java:1069)
at org.testng.TestNG.run(TestNG.java:1037)
at org.testng.remote.AbstractRemoteTestNG.run(AbstractRemoteTestNG.java:115)
at org.testng.remote.RemoteTestNG.initAndRun(RemoteTestNG.java:251)
at org.testng.remote.RemoteTestNG.main(RemoteTestNG.java:77)
]]>
    </error>
  </testcase> <!-- enterurl -->
  <system-out/>
</testsuite> <!-- FinalReport.EnterURL -->
